# JRE version: OpenJDK Runtime Environment (8.0_152-b02) (build 1.8.0_152-release-1024-b02)
# Java VM: OpenJDK 64-Bit Server VM (25.152-b02 mixed mode windows-amd64 compressed oops)
Heap:
 PSYoungGen      total 119808K, used 86366K [0x00000000eab00000, 0x00000000f2d80000, 0x0000000100000000)
  eden space 108032K, 79% used [0x00000000eab00000,0x00000000eff57ab0,0x00000000f1480000)
  from space 11776K, 0% used [0x00000000f2200000,0x00000000f2200000,0x00000000f2d80000)
  to   space 12800K, 0% used [0x00000000f1480000,0x00000000f1480000,0x00000000f2100000)
 ParOldGen       total 64000K, used 17569K [0x00000000c0000000, 0x00000000c3e80000, 0x00000000eab00000)
  object space 64000K, 27% used [0x00000000c0000000,0x00000000c1128578,0x00000000c3e80000)
 Metaspace       used 38076K, capacity 38884K, committed 39168K, reserved 1083392K
  class space    used 4879K, capacity 5086K, committed 5120K, reserved 1048576K
GC Heap History (10 events):
Event: 7.981 GC heap before
{Heap before GC invocations=8 (full 1):
 PSYoungGen      total 59904K, used 52922K [0x00000000eab00000, 0x00000000ef180000, 0x0000000100000000)
  eden space 49152K, 100% used [0x00000000eab00000,0x00000000edb00000,0x00000000edb00000)
  from space 10752K, 35% used [0x00000000ee580000,0x00000000ee92ea68,0x00000000ef000000)
  to   space 10752K, 0% used [0x00000000edb00000,0x00000000edb00000,0x00000000ee580000)
 ParOldGen       total 64000K, used 8293K [0x00000000c0000000, 0x00000000c3e80000, 0x00000000eab00000)
  object space 64000K, 12% used [0x00000000c0000000,0x00000000c0819550,0x00000000c3e80000)
 Metaspace       used 25454K, capacity 25936K, committed 26240K, reserved 1073152K
  class space    used 3290K, capacity 3426K, committed 3456K, reserved 1048576K
Event: 7.985 GC heap after
Heap after GC invocations=8 (full 1):
 PSYoungGen      total 59904K, used 2688K [0x00000000eab00000, 0x00000000f0f80000, 0x0000000100000000)
  eden space 49152K, 0% used [0x00000000eab00000,0x00000000eab00000,0x00000000edb00000)
  from space 10752K, 25% used [0x00000000edb00000,0x00000000edda0020,0x00000000ee580000)
  to   space 10752K, 0% used [0x00000000f0500000,0x00000000f0500000,0x00000000f0f80000)
 ParOldGen       total 64000K, used 8301K [0x00000000c0000000, 0x00000000c3e80000, 0x00000000eab00000)
  object space 64000K, 12% used [0x00000000c0000000,0x00000000c081b550,0x00000000c3e80000)
 Metaspace       used 25454K, capacity 25936K, committed 26240K, reserved 1073152K
  class space    used 3290K, capacity 3426K, committed 3456K, reserved 1048576K
}
Event: 8.732 GC heap before
{Heap before GC invocations=9 (full 1):
 PSYoungGen      total 59904K, used 51840K [0x00000000eab00000, 0x00000000f0f80000, 0x0000000100000000)
  eden space 49152K, 100% used [0x00000000eab00000,0x00000000edb00000,0x00000000edb00000)
  from space 10752K, 25% used [0x00000000edb00000,0x00000000edda0020,0x00000000ee580000)
  to   space 10752K, 0% used [0x00000000f0500000,0x00000000f0500000,0x00000000f0f80000)
 ParOldGen       total 64000K, used 8301K [0x00000000c0000000, 0x00000000c3e80000, 0x00000000eab00000)
  object space 64000K, 12% used [0x00000000c0000000,0x00000000c081b550,0x00000000c3e80000)
 Metaspace       used 27241K, capacity 27946K, committed 28032K, reserved 1073152K
  class space    used 3450K, capacity 3687K, committed 3712K, reserved 1048576K
Event: 8.738 GC heap after
Heap after GC invocations=9 (full 1):
 PSYoungGen      total 90112K, used 4544K [0x00000000eab00000, 0x00000000f0e00000, 0x0000000100000000)
  eden space 80896K, 0% used [0x00000000eab00000,0x00000000eab00000,0x00000000efa00000)
  from space 9216K, 49% used [0x00000000f0500000,0x00000000f0970180,0x00000000f0e00000)
  to   space 10240K, 0% used [0x00000000efa00000,0x00000000efa00000,0x00000000f0400000)
 ParOldGen       total 64000K, used 8309K [0x00000000c0000000, 0x00000000c3e80000, 0x00000000eab00000)
  object space 64000K, 12% used [0x00000000c0000000,0x00000000c081d550,0x00000000c3e80000)
 Metaspace       used 27241K, capacity 27946K, committed 28032K, reserved 1073152K
  class space    used 3450K, capacity 3687K, committed 3712K, reserved 1048576K
}
Event: 11.682 GC heap before
{Heap before GC invocations=10 (full 1):
 PSYoungGen      total 90112K, used 85440K [0x00000000eab00000, 0x00000000f0e00000, 0x0000000100000000)
  eden space 80896K, 100% used [0x00000000eab00000,0x00000000efa00000,0x00000000efa00000)
  from space 9216K, 49% used [0x00000000f0500000,0x00000000f0970180,0x00000000f0e00000)
  to   space 10240K, 0% used [0x00000000efa00000,0x00000000efa00000,0x00000000f0400000)
 ParOldGen       total 64000K, used 8309K [0x00000000c0000000, 0x00000000c3e80000, 0x00000000eab00000)
  object space 64000K, 12% used [0x00000000c0000000,0x00000000c081d550,0x00000000c3e80000)
 Metaspace       used 31630K, capacity 32422K, committed 32768K, reserved 1077248K
  class space    used 4060K, capacity 4304K, committed 4352K, reserved 1048576K
Event: 11.691 GC heap after
Heap after GC invocations=10 (full 1):
 PSYoungGen      total 91136K, used 10005K [0x00000000eab00000, 0x00000000f2d80000, 0x0000000100000000)
  eden space 80896K, 0% used [0x00000000eab00000,0x00000000eab00000,0x00000000efa00000)
  from space 10240K, 97% used [0x00000000efa00000,0x00000000f03c54a0,0x00000000f0400000)
  to   space 11776K, 0% used [0x00000000f2200000,0x00000000f2200000,0x00000000f2d80000)
 ParOldGen       total 64000K, used 8381K [0x00000000c0000000, 0x00000000c3e80000, 0x00000000eab00000)
  object space 64000K, 13% used [0x00000000c0000000,0x00000000c082f560,0x00000000c3e80000)
 Metaspace       used 31630K, capacity 32422K, committed 32768K, reserved 1077248K
  class space    used 4060K, capacity 4304K, committed 4352K, reserved 1048576K
}
Event: 15.334 GC heap before
{Heap before GC invocations=11 (full 1):
 PSYoungGen      total 91136K, used 77947K [0x00000000eab00000, 0x00000000f2d80000, 0x0000000100000000)
  eden space 80896K, 83% used [0x00000000eab00000,0x00000000eed59b50,0x00000000efa00000)
  from space 10240K, 97% used [0x00000000efa00000,0x00000000f03c54a0,0x00000000f0400000)
  to   space 11776K, 0% used [0x00000000f2200000,0x00000000f2200000,0x00000000f2d80000)
 ParOldGen       total 64000K, used 8381K [0x00000000c0000000, 0x00000000c3e80000, 0x00000000eab00000)
  object space 64000K, 13% used [0x00000000c0000000,0x00000000c082f560,0x00000000c3e80000)
 Metaspace       used 34572K, capacity 35362K, committed 35456K, reserved 1079296K
  class space    used 4443K, capacity 4688K, committed 4736K, reserved 1048576K
Event: 15.344 GC heap after
Heap after GC invocations=11 (full 1):
 PSYoungGen      total 119808K, used 10224K [0x00000000eab00000, 0x00000000f2d80000, 0x0000000100000000)
  eden space 108032K, 0% used [0x00000000eab00000,0x00000000eab00000,0x00000000f1480000)
  from space 11776K, 86% used [0x00000000f2200000,0x00000000f2bfc020,0x00000000f2d80000)
  to   space 12800K, 0% used [0x00000000f1480000,0x00000000f1480000,0x00000000f2100000)
 ParOldGen       total 64000K, used 9869K [0x00000000c0000000, 0x00000000c3e80000, 0x00000000eab00000)
  object space 64000K, 15% used [0x00000000c0000000,0x00000000c09a35b0,0x00000000c3e80000)
 Metaspace       used 34572K, capacity 35362K, committed 35456K, reserved 1079296K
  class space    used 4443K, capacity 4688K, committed 4736K, reserved 1048576K
}
Event: 15.344 GC heap before
{Heap before GC invocations=12 (full 2):
 PSYoungGen      total 119808K, used 10224K [0x00000000eab00000, 0x00000000f2d80000, 0x0000000100000000)
  eden space 108032K, 0% used [0x00000000eab00000,0x00000000eab00000,0x00000000f1480000)
  from space 11776K, 86% used [0x00000000f2200000,0x00000000f2bfc020,0x00000000f2d80000)
  to   space 12800K, 0% used [0x00000000f1480000,0x00000000f1480000,0x00000000f2100000)
 ParOldGen       total 64000K, used 9869K [0x00000000c0000000, 0x00000000c3e80000, 0x00000000eab00000)
  object space 64000K, 15% used [0x00000000c0000000,0x00000000c09a35b0,0x00000000c3e80000)
 Metaspace       used 34572K, capacity 35362K, committed 35456K, reserved 1079296K
  class space    used 4443K, capacity 4688K, committed 4736K, reserved 1048576K
Event: 15.425 GC heap after
Heap after GC invocations=12 (full 2):
 PSYoungGen      total 119808K, used 0K [0x00000000eab00000, 0x00000000f2d80000, 0x0000000100000000)
  eden space 108032K, 0% used [0x00000000eab00000,0x00000000eab00000,0x00000000f1480000)
  from space 11776K, 0% used [0x00000000f2200000,0x00000000f2200000,0x00000000f2d80000)
  to   space 12800K, 0% used [0x00000000f1480000,0x00000000f1480000,0x00000000f2100000)
 ParOldGen       total 64000K, used 17569K [0x00000000c0000000, 0x00000000c3e80000, 0x00000000eab00000)
  object space 64000K, 27% used [0x00000000c0000000,0x00000000c1128578,0x00000000c3e80000)
 Metaspace       used 34464K, capacity 35100K, committed 35456K, reserved 1079296K
  class space    used 4411K, capacity 4622K, committed 4736K, reserved 1048576K
}

